Determining if the pthread_create exist failed with the following output:
Change Dir: /home/linda/openvdbfractals/build/CMakeFiles/CMakeTmp

Run Build Command:/usr/bin/gmake "cmTryCompileExec4092130671/fast"
/usr/bin/gmake -f CMakeFiles/cmTryCompileExec4092130671.dir/build.make CMakeFiles/cmTryCompileExec4092130671.dir/build
gmake[1]: Entering directory `/home/linda/openvdbfractals/build/CMakeFiles/CMakeTmp'
/usr/bin/cmake -E cmake_progress_report /home/linda/openvdbfractals/build/CMakeFiles/CMakeTmp/CMakeFiles 1
Building C object CMakeFiles/cmTryCompileExec4092130671.dir/CheckSymbolExists.c.o
/opt/rh/devtoolset-4/root/usr/bin/cc    -o CMakeFiles/cmTryCompileExec4092130671.dir/CheckSymbolExists.c.o   -c /home/linda/openvdbfractals/build/CMakeFiles/CMakeTmp/CheckSymbolExists.c
Linking C executable cmTryCompileExec4092130671
/usr/bin/cmake -E cmake_link_script CMakeFiles/cmTryCompileExec4092130671.dir/link.txt --verbose=1
/opt/rh/devtoolset-4/root/usr/bin/cc       CMakeFiles/cmTryCompileExec4092130671.dir/CheckSymbolExists.c.o  -o cmTryCompileExec4092130671 -rdynamic 
CMakeFiles/cmTryCompileExec4092130671.dir/CheckSymbolExists.c.o: In function `main':
CheckSymbolExists.c:(.text+0x16): undefined reference to `pthread_create'
collect2: error: ld returned 1 exit status
gmake[1]: Leaving directory `/home/linda/openvdbfractals/build/CMakeFiles/CMakeTmp'
gmake[1]: *** [cmTryCompileExec4092130671] Error 1
gmake: *** [cmTryCompileExec4092130671/fast] Error 2

File /home/linda/openvdbfractals/build/CMakeFiles/CMakeTmp/CheckSymbolExists.c:
/* */
#include <pthread.h>

int main(int argc, char** argv)
{
  (void)argv;
#ifndef pthread_create
  return ((int*)(&pthread_create))[argc];
#else
  (void)argc;
  return 0;
#endif
}

Determining if the function pthread_create exists in the pthreads failed with the following output:
Change Dir: /home/linda/openvdbfractals/build/CMakeFiles/CMakeTmp

Run Build Command:/usr/bin/gmake "cmTryCompileExec1280138867/fast"
/usr/bin/gmake -f CMakeFiles/cmTryCompileExec1280138867.dir/build.make CMakeFiles/cmTryCompileExec1280138867.dir/build
gmake[1]: Entering directory `/home/linda/openvdbfractals/build/CMakeFiles/CMakeTmp'
/usr/bin/cmake -E cmake_progress_report /home/linda/openvdbfractals/build/CMakeFiles/CMakeTmp/CMakeFiles 1
Building C object CMakeFiles/cmTryCompileExec1280138867.dir/CheckFunctionExists.c.o
/opt/rh/devtoolset-4/root/usr/bin/cc   -DCHECK_FUNCTION_EXISTS=pthread_create   -o CMakeFiles/cmTryCompileExec1280138867.dir/CheckFunctionExists.c.o   -c /usr/share/cmake/Modules/CheckFunctionExists.c
Linking C executable cmTryCompileExec1280138867
/usr/bin/cmake -E cmake_link_script CMakeFiles/cmTryCompileExec1280138867.dir/link.txt --verbose=1
/opt/rh/devtoolset-4/root/usr/bin/cc   -DCHECK_FUNCTION_EXISTS=pthread_create    CMakeFiles/cmTryCompileExec1280138867.dir/CheckFunctionExists.c.o  -o cmTryCompileExec1280138867 -rdynamic -lpthreads 
/usr/bin/ld: cannot find -lpthreads
collect2: error: ld returned 1 exit status
gmake[1]: *** [cmTryCompileExec1280138867] Error 1
gmake[1]: Leaving directory `/home/linda/openvdbfractals/build/CMakeFiles/CMakeTmp'
gmake: *** [cmTryCompileExec1280138867/fast] Error 2


